Feb 28, 2017 8:41:09 AM com.swt.utilities.Logging writeInfo
INFO: Server start listening port 6777
Feb 28, 2017 8:41:09 AM com.swt.utilities.Logging writeInfo
INFO: Server start listening port 6779
Feb 28, 2017 8:41:09 AM com.swt.utilities.Logging writeInfo
INFO: Server start listening port 6778
Feb 28, 2017 8:41:09 AM com.swt.utilities.Logging writeInfo
INFO: Login sucessful to server at 28-02-2017 08:41:09
Feb 28, 2017 8:41:39 AM com.swt.utilities.Logging writeError
SEVERE: Error Camera 1
Feb 28, 2017 8:41:39 AM com.swt.utilities.Logging writeInfo
INFO: Login sucessful to server at 28-02-2017 08:41:39
Feb 28, 2017 8:42:09 AM com.swt.utilities.Logging writeError
SEVERE: Error Camera 1
Feb 28, 2017 8:42:09 AM com.swt.utilities.Logging writeInfo
INFO: Login sucessful to server at 28-02-2017 08:42:09
Feb 28, 2017 8:42:39 AM com.swt.utilities.Logging writeError
SEVERE: Error Camera 1
Feb 28, 2017 8:42:39 AM com.swt.utilities.Logging writeInfo
INFO: Login sucessful to server at 28-02-2017 08:42:39
Feb 28, 2017 8:43:09 AM com.swt.utilities.Logging writeError
SEVERE: Error Camera 1
Feb 28, 2017 8:43:09 AM com.swt.utilities.Logging writeInfo
INFO: Login sucessful to server at 28-02-2017 08:43:09
Feb 28, 2017 8:43:39 AM com.swt.utilities.Logging writeError
SEVERE: Error Camera 1
Feb 28, 2017 8:43:39 AM com.swt.utilities.Logging writeInfo
INFO: Login sucessful to server at 28-02-2017 08:43:39
Feb 28, 2017 8:44:09 AM com.swt.utilities.Logging writeError
SEVERE: Error Camera 1
Feb 28, 2017 8:44:09 AM com.swt.utilities.Logging writeInfo
INFO: Login sucessful to server at 28-02-2017 08:44:09
Feb 28, 2017 8:44:39 AM com.swt.utilities.Logging writeError
SEVERE: Error Camera 1
Feb 28, 2017 8:44:39 AM com.swt.utilities.Logging writeInfo
INFO: Login sucessful to server at 28-02-2017 08:44:39
Feb 28, 2017 8:45:09 AM com.swt.utilities.Logging writeError
SEVERE: Error Camera 1
Feb 28, 2017 8:45:09 AM com.swt.utilities.Logging writeInfo
INFO: Login sucessful to server at 28-02-2017 08:45:09
Feb 28, 2017 8:45:39 AM com.swt.utilities.Logging writeError
SEVERE: Error Camera 1
Feb 28, 2017 8:45:39 AM com.swt.utilities.Logging writeInfo
INFO: Login sucessful to server at 28-02-2017 08:45:39
Feb 28, 2017 8:46:09 AM com.swt.utilities.Logging writeError
SEVERE: Error Camera 1
Feb 28, 2017 8:46:09 AM com.swt.utilities.Logging writeInfo
INFO: Login sucessful to server at 28-02-2017 08:46:09
Feb 28, 2017 8:46:39 AM com.swt.utilities.Logging writeError
SEVERE: Error Camera 1
Feb 28, 2017 8:46:39 AM com.swt.utilities.Logging writeInfo
INFO: Login sucessful to server at 28-02-2017 08:46:39
Feb 28, 2017 8:47:09 AM com.swt.utilities.Logging writeError
SEVERE: Error Camera 1
Feb 28, 2017 8:47:09 AM com.swt.utilities.Logging writeInfo
INFO: Login sucessful to server at 28-02-2017 08:47:09
Feb 28, 2017 8:47:39 AM com.swt.utilities.Logging writeError
SEVERE: Error Camera 1
Feb 28, 2017 8:47:39 AM com.swt.utilities.Logging writeInfo
INFO: Login sucessful to server at 28-02-2017 08:47:39
Feb 28, 2017 8:48:09 AM com.swt.utilities.Logging writeError
SEVERE: Error Camera 1
Feb 28, 2017 8:48:09 AM com.swt.utilities.Logging writeInfo
INFO: Login sucessful to server at 28-02-2017 08:48:09
Feb 28, 2017 8:48:39 AM com.swt.utilities.Logging writeError
SEVERE: Error Camera 1
Feb 28, 2017 8:48:39 AM com.swt.utilities.Logging writeInfo
INFO: Login sucessful to server at 28-02-2017 08:48:39
Feb 28, 2017 8:49:09 AM com.swt.utilities.Logging writeError
SEVERE: Error Camera 1
Feb 28, 2017 8:49:09 AM com.swt.utilities.Logging writeInfo
INFO: Login sucessful to server at 28-02-2017 08:49:09
Feb 28, 2017 8:49:39 AM com.swt.utilities.Logging writeError
SEVERE: Error Camera 1
Feb 28, 2017 8:49:39 AM com.swt.utilities.Logging writeInfo
INFO: Login sucessful to server at 28-02-2017 08:49:39
Feb 28, 2017 8:50:09 AM com.swt.utilities.Logging writeError
SEVERE: Error Camera 1
Feb 28, 2017 8:50:09 AM com.swt.utilities.Logging writeInfo
INFO: Login sucessful to server at 28-02-2017 08:50:09
Feb 28, 2017 8:50:39 AM com.swt.utilities.Logging writeError
SEVERE: Error Camera 1
Feb 28, 2017 8:50:39 AM com.swt.utilities.Logging writeInfo
INFO: Login sucessful to server at 28-02-2017 08:50:39
Feb 28, 2017 8:51:09 AM com.swt.utilities.Logging writeError
SEVERE: Error Camera 1
Feb 28, 2017 8:51:09 AM com.swt.utilities.Logging writeInfo
INFO: Login sucessful to server at 28-02-2017 08:51:09
Feb 28, 2017 8:51:39 AM com.swt.utilities.Logging writeError
SEVERE: Error Camera 1
Feb 28, 2017 8:51:39 AM com.swt.utilities.Logging writeInfo
INFO: Login sucessful to server at 28-02-2017 08:51:39
Feb 28, 2017 8:52:57 AM com.swt.utilities.Logging writeInfo
INFO: Server start listening port 6777
Feb 28, 2017 8:52:57 AM com.swt.utilities.Logging writeInfo
INFO: Server start listening port 6778
Feb 28, 2017 8:52:57 AM com.swt.utilities.Logging writeInfo
INFO: Server start listening port 6779
Feb 28, 2017 8:52:57 AM com.swt.utilities.Logging writeInfo
INFO: Login sucessful to server at 28-02-2017 08:52:57
Feb 28, 2017 8:53:27 AM com.swt.utilities.Logging writeInfo
INFO: Login sucessful to server at 28-02-2017 08:53:27
Feb 28, 2017 8:53:28 AM com.swt.utilities.Logging writeInfo
INFO: Camera 1 playing
Feb 28, 2017 8:53:57 AM com.swt.utilities.Logging writeInfo
INFO: Login sucessful to server at 28-02-2017 08:53:57
Feb 28, 2017 8:53:58 AM com.swt.utilities.Logging writeInfo
INFO: Camera 1 playing
Feb 28, 2017 8:54:27 AM com.swt.utilities.Logging writeInfo
INFO: Login sucessful to server at 28-02-2017 08:54:27
Feb 28, 2017 8:54:28 AM com.swt.utilities.Logging writeInfo
INFO: Camera 1 playing
Feb 28, 2017 8:54:59 AM com.swt.utilities.Logging writeInfo
INFO: Server start listening port 6778
Feb 28, 2017 8:54:59 AM com.swt.utilities.Logging writeInfo
INFO: Server start listening port 6779
Feb 28, 2017 8:54:59 AM com.swt.utilities.Logging writeInfo
INFO: Server start listening port 6777
Feb 28, 2017 8:55:00 AM com.swt.utilities.Logging writeInfo
INFO: Login sucessful to server at 28-02-2017 08:55:00
Feb 28, 2017 8:55:51 AM com.swt.utilities.Logging writeInfo
INFO: Server start listening port 6778
Feb 28, 2017 8:55:51 AM com.swt.utilities.Logging writeInfo
INFO: Server start listening port 6777
Feb 28, 2017 8:55:51 AM com.swt.utilities.Logging writeInfo
INFO: Server start listening port 6779
Feb 28, 2017 8:55:51 AM com.swt.utilities.Logging writeInfo
INFO: Login sucessful to server at 28-02-2017 08:55:51
Feb 28, 2017 8:56:59 AM com.swt.utilities.Logging writeInfo
INFO: Server start listening port 6778
Feb 28, 2017 8:56:59 AM com.swt.utilities.Logging writeInfo
INFO: Server start listening port 6777
Feb 28, 2017 8:56:59 AM com.swt.utilities.Logging writeInfo
INFO: Server start listening port 6779
Feb 28, 2017 8:56:59 AM com.swt.utilities.Logging writeInfo
INFO: Login sucessful to server at 28-02-2017 08:56:59
Feb 28, 2017 8:57:36 AM com.swt.utilities.Logging writeInfo
INFO: Server start listening port 6777
Feb 28, 2017 8:57:36 AM com.swt.utilities.Logging writeInfo
INFO: Server start listening port 6779
Feb 28, 2017 8:57:36 AM com.swt.utilities.Logging writeInfo
INFO: Server start listening port 6778
Feb 28, 2017 8:57:36 AM com.swt.utilities.Logging writeInfo
INFO: Login sucessful to server at 28-02-2017 08:57:36
Feb 28, 2017 8:58:00 AM com.swt.utilities.Logging writeInfo
INFO: Server start listening port 6777
Feb 28, 2017 8:58:00 AM com.swt.utilities.Logging writeInfo
INFO: Server start listening port 6779
Feb 28, 2017 8:58:00 AM com.swt.utilities.Logging writeInfo
INFO: Server start listening port 6778
Feb 28, 2017 8:58:00 AM com.swt.utilities.Logging writeInfo
INFO: Login sucessful to server at 28-02-2017 08:58:00
Feb 28, 2017 8:59:07 AM com.swt.utilities.Logging writeInfo
INFO: Server start listening port 6777
Feb 28, 2017 8:59:07 AM com.swt.utilities.Logging writeInfo
INFO: Server start listening port 6778
Feb 28, 2017 8:59:07 AM com.swt.utilities.Logging writeInfo
INFO: Server start listening port 6779
Feb 28, 2017 8:59:07 AM com.swt.utilities.Logging writeInfo
INFO: Login sucessful to server at 28-02-2017 08:59:07
Feb 28, 2017 8:59:37 AM com.swt.utilities.Logging writeInfo
INFO: Login sucessful to server at 28-02-2017 08:59:37
Feb 28, 2017 8:59:37 AM com.swt.utilities.Logging writeInfo
INFO: Camera 1 playing
Feb 28, 2017 8:59:37 AM com.swt.utilities.Logging writeInfo
INFO: Camera 2 not play
Feb 28, 2017 9:00:07 AM com.swt.utilities.Logging writeInfo
INFO: Login sucessful to server at 28-02-2017 09:00:07
Feb 28, 2017 9:00:07 AM com.swt.utilities.Logging writeInfo
INFO: Camera 2 not play
Feb 28, 2017 9:00:07 AM com.swt.utilities.Logging writeInfo
INFO: Camera 1 playing
Feb 28, 2017 9:09:40 AM com.swt.utilities.Logging writeInfo
INFO: Server start listening port 6777
Feb 28, 2017 9:09:40 AM com.swt.utilities.Logging writeInfo
INFO: Server start listening port 6779
Feb 28, 2017 9:09:40 AM com.swt.utilities.Logging writeInfo
INFO: Server start listening port 6778
Feb 28, 2017 9:09:40 AM com.swt.utilities.Logging writeInfo
INFO: Login sucessful to server at 28-02-2017 09:09:40
Feb 28, 2017 9:10:10 AM com.swt.utilities.Logging writeInfo
INFO: Login sucessful to server at 28-02-2017 09:10:10
Feb 28, 2017 9:10:10 AM com.swt.utilities.Logging writeInfo
INFO: Camera 2 not play
Feb 28, 2017 9:10:10 AM com.swt.utilities.Logging writeInfo
INFO: Camera 1 playing
